<?xml version="1.0" encoding="UTF-8"?>
<!-- Generated by org.testng.reporters.JUnitReportReporter -->
<testsuite skipped="0" hostname="Rena" name="ru.test.TestClass" tests="1" failures="0" timestamp="26 мая 2017 07:01:36 GMT" time="29.904" errors="0">
  <testcase name="test" time="29.904" classname="ru.test.TestClass"/>
</testsuite> <!-- ru.test.TestClass -->
